#
# A fatal error has been detected by the Java Runtime Environment:
#
#  SIGSEGV (0xb) at pc=0x00007f8621638401, pid=184, tid=189
#
# JRE version: OpenJDK Runtime Environment (11.0.8+10) (build 11.0.8+10-post-Ubuntu-0ubuntu118.04.1)
# Java VM: OpenJDK 64-Bit Server VM (11.0.8+10-post-Ubuntu-0ubuntu118.04.1, mixed mode, sharing, tiered, compressed oops, serial gc, linux-amd64)
# Problematic frame:
# C  [libjimage.so+0x2401]
#
# Core dump will be written. Default location: Core dumps may be processed with "/usr/share/apport/apport %p %s %c %d %P %E" (or dumping to /home/runner/HellionAI/core.184)
#
# If you would like to submit a bug report, please visit:
#   https://bugs.launchpad.net/ubuntu/+source/openjdk-lts
#

---------------  S U M M A R Y ------------

Command Line: Main

Host: Intel(R) Xeon(R) CPU @ 2.30GHz, 4 cores, 512M, Ubuntu 18.04.5 LTS
Time: Mon Nov  2 05:44:29 2020 UTC elapsed time: 474 seconds (0d 0h 7m 54s)

---------------  T H R E A D  ---------------

Current thread (0x00007f861c059000):  JavaThread "Signal Dispatcher" daemon [_thread_in_vm, id=189, stack(0x00007f8604464000,0x00007f8604565000)]

Stack: [0x00007f8604464000,0x00007f8604565000],  sp=0x00007f86045621e0,  free space=1016k
Native frames: (J=compiled Java code, A=aot compiled Java code, j=interpreted, Vv=VM code, C=native code)
C  [libjimage.so+0x2401]
C  [libjimage.so+0x30ea]
C  [libjimage.so+0x35c6]  JIMAGE_FindResource+0xd6
V  [libjvm.so+0x59097e]
V  [libjvm.so+0x5936e0]
V  [libjvm.so+0xd50b85]
V  [libjvm.so+0xd4e51a]
V  [libjvm.so+0xd51112]
V  [libjvm.so+0x645bed]
V  [libjvm.so+0x83f24c]
j  jdk.internal.misc.Signal.dispatch(I)V+25 java.base@11.0.8
v  ~StubRoutines::call_stub
V  [libjvm.so+0x84eb09]
V  [libjvm.so+0x84d8f5]
V  [libjvm.so+0xbc3d2c]
V  [libjvm.so+0xd8996f]
V  [libjvm.so+0xd860bf]
V  [libjvm.so+0xbd632e]

Java frames: (J=compiled Java code, j=interpreted, Vv=VM code)
j  jdk.internal.misc.Signal.dispatch(I)V+25 java.base@11.0.8
v  ~StubRoutines::call_stub

siginfo: si_signo: 11 (SIGSEGV), si_code: 1 (SEGV_MAPERR), si_addr: 0x00007f8613914458

Register to memory mapping:

RAX=0x000000000000490f is an unknown value
RBX=0x00007f8604562291 is pointing into the stack for thread: 0x00007f861c059000
RCX=0x00007f861390201c is an unknown value
RDX=0x000000000000490f is an unknown value
RSP=0x00007f86045621e0 is pointing into the stack for thread: 0x00007f861c059000
RBP=0x00007f8604562200 is pointing into the stack for thread: 0x00007f861c059000
RSI=0x00007f8604562290 is pointing into the stack for thread: 0x00007f861c059000
RDI=0x00007f862183b030: <offset 0x0000000000205030> in /usr/lib/jvm/java-11-openjdk-amd64/lib/libjimage.so at 0x00007f8621636000
R8 =0x0 is NULL
R9 =0x0000000076100fa4 is an unknown value
R10=0x00007f86045622b3 is pointing into the stack for thread: 0x00007f861c059000
R11=0x00007f862367107d: <offset 0x0000000000eb307d> in /usr/lib/jvm/java-11-openjdk-amd64/lib/server/libjvm.so at 0x00007f86227be000
R12=0x00007f8604562290 is pointing into the stack for thread: 0x00007f861c059000
R13=0x00000000000083bc is an unknown value
R14=0x00007f8604563328 is pointing into the stack for thread: 0x00007f861c059000
R15=0x00007f861c059b70 points into unknown readable memory: 6a 64 6b 2f 69 6e 74 65


Registers:
RAX=0x000000000000490f, RBX=0x00007f8604562291, RCX=0x00007f861390201c, RDX=0x000000000000490f
RSP=0x00007f86045621e0, RBP=0x00007f8604562200, RSI=0x00007f8604562290, RDI=0x00007f862183b030
R8 =0x0000000000000000, R9 =0x0000000076100fa4, R10=0x00007f86045622b3, R11=0x00007f862367107d
R12=0x00007f8604562290, R13=0x00000000000083bc, R14=0x00007f8604563328, R15=0x00007f861c059b70
RIP=0x00007f8621638401, EFLAGS=0x0000000000010246, CSGSFS=0x002b000000000033, ERR=0x0000000000000004
  TRAPNO=0x000000000000000e

Top of Stack: (sp=0x00007f86045621e0)
0x00007f86045621e0:   0000000000000000 00007f861c009600
0x00007f86045621f0:   0000000000000000 00007f8604562290
0x00007f8604562200:   00007f8604562270 00007f86216390ea
0x00007f8604562210:   0000000000000000 0000000000000000 

Instructions: (pc=0x00007f8621638401)
0x00007f8621638301:   c5 4c 01 e3 48 89 ce e8 d3 f3 ff ff e9 69 fd ff
0x00007f8621638311:   ff 89 d1 0f b7 74 08 fe 66 41 89 74 0e fe e9 7a
0x00007f8621638321:   fe ff ff 0f 1f 40 00 8b 08 49 8d 1c 16 41 89 0e
0x00007f8621638331:   89 d1 8b 74 08 fc 41 89 74 0e fc 48 8d 34 10 48
0x00007f8621638341:   89 75 b8 e9 0b fe ff ff 0f 1f 80 00 00 00 00 0f
0x00007f8621638351:   b6 17 55 89 f0 48 89 e5 84 d2 74 22 48 8d 4f 01
0x00007f8621638361:   0f